<?xml version="1.0" encoding="UTF-8"?>
<!-- Generated by org.testng.reporters.JUnitXMLReporter -->
<testsuite ignored="0" hostname="LAPTOP-VFKJ2SC9" failures="1" tests="2" name="Error Validations Test" time="17.385" errors="0" timestamp="2022-10-16T15:14:20 IST">
  <testcase classname="Selenium.tests.ErrorValidationsTest" name="LoginPageErrorValidation" time="1.033">
    <failure type="java.lang.AssertionError" message="expected [Incorrect email  password.] but found [Incorrect email or password.]">
      <![CDATA[java.lang.AssertionError: expected [Incorrect email  password.] but found [Incorrect email or password.]
at Selenium.tests.ErrorValidationsTest.LoginPageErrorValidation(ErrorValidationsTest.java:21)
at java.base/java.util.ArrayList.forEach(ArrayList.java:1511)
at java.base/java.util.concurrent.FutureTask.run(FutureTask.java:264)
at java.base/java.util.concurrent.ThreadPoolExecutor.runWorker(ThreadPoolExecutor.java:1136)
at java.base/java.util.concurrent.ThreadPoolExecutor$Worker.run(ThreadPoolExecutor.java:635)
at java.base/java.lang.Thread.run(Thread.java:833)
... Removed 24 stack frames]]>
    </failure>
  </testcase> <!-- LoginPageErrorValidation -->
  <testcase classname="Selenium.tests.ErrorValidationsTest" name="ProductCataloguePageErrorValidation" time="2.642"/>
</testsuite> <!-- Error Validations Test -->
